 	Jacob	32,509 	Emily 	25,048
 	Michael	29,666 	Madison 	22,149
 	Matthew	26,783 	Hannah 	20,700
 	Joshua	25,998 	Ashley 	16,522
 	Christopher	23,107 	Alexis 	16,391
 	Nicholas	22,835 	Sarah 	15,878
 	Andrew	22,399 	Samantha 	15,858
 	Joseph	21,975 	Abigail 	14,799
 	Daniel	20,958 	Elizabeth 	14,767
 	William	20,087 	Olivia 	13,972
 	Anthony	19,723 	Jessica 	13,913
 	David	19,317 	Taylor 	13,685
 	Tyler	19,266 	Emma 	13,299
 	John	18,869 	Alyssa 	13,263
 	Ryan	18,283 	Lauren 	12,777
 	Zachary	18,181 	Grace 	12,078
 	Ethan	17,956 	Kayla 	11,882
 	Brandon	17,883 	Brianna 	11,770
 	James	17,058 	Anna 	10,564
 	Alexander	16,711 	Megan 	10,294
 	Dylan	16,487 	Victoria 	10,173
 	Justin	16,221 	Destiny 	9,739
 	Jonathan	16,129 	Sydney 	9,635
 	Christian	15,441 	Rachel 	9,523
 	Austin	14,947 	Jasmine 	8,952
 	Samuel	14,775 	Jennifer 	8,917
 	Benjamin	14,320 	Julia 	8,832
 	Noah	13,470 	Isabella 	8,825
 	Logan	12,709 	Morgan 	8,730
 	Robert	12,653 	Chloe 	8,171
 	Nathan	12,638 	Kaitlyn 	8,157
 	Kevin	12,588 	Natalie 	8,045
 	Thomas	12,147 	Hailey 	8,027
 	Jose	12,134 	Haley 	8,007
 	Cameron	11,580 	Katherine 	7,874
 	Hunter	11,332 	Nicole 	7,806
 	Caleb	11,167 	Sophia 	7,157
 	Gabriel	10,909 	Alexandra 	7,038
 	Jordan	10,811 	Amanda 	6,959
 	Kyle	10,566 	Mackenzie 	6,934
 	Jason	10,156 	Maria 	6,831
 	Aaron	9,529 	Savannah 	6,732
 	Isaiah	8,572 	Stephanie 	6,605
 	Eric	8,558 	Allison 	6,207
 	Elijah	8,330 	Jenna 	6,140
 	Brian	8,293 	Rebecca 	5,867
 	Isaac	8,192 	Jordan 	5,800
 	Jack	8,147 	Andrea 	5,743
 	Connor	8,081 	Mary 	5,715
 	Luke	8,002 	Gabrielle 	5,600
 	Adam	7,744 	Amber 	5,570
 	Luis	7,478 	Katelyn 	5,439
 	Mason	7,445 	Faith 	5,403
 	Juan	7,441 	Makayla 	5,314
 	Charles	7,278 	Sierra 	5,233
 	Evan	7,257 	Madeline 	5,220
 	Sean	7,221 	Brooke 	5,211
 	Angel	6,972 	Sara 	5,146
 	Carlos	6,839 	Michelle 	5,027
 	Jackson	6,832 	Erin 	4,957
 	Nathaniel	6,638 	Kimberly 	4,878
 	Alex	6,613 	Caroline 	4,861
 	Steven	6,582 	Danielle 	4,789
 	Cody	6,570 	Vanessa 	4,669
 	Jared	6,430 	Zoe 	4,642
 	Jesus	6,422 	Kaylee 	4,616
 	Timothy	6,413 	Trinity 	4,476
 	Seth	6,222 	Shelby 	4,365
 	Bryan	6,120 	Bailey 	4,338
 	Ian	6,079 	Jacqueline 	4,298
 	Devin	6,037 	Paige 	4,271
 	Patrick	5,784 	Autumn 	4,186
 	Richard	5,766 	Courtney 	4,172
 	Cole	5,740 	Melissa 	4,144
 	Adrian	5,422 	Jada 	3,983
 	Trevor	5,393 	Mia 	3,913
 	Blake	5,353 	Angela 	3,910
 	Gavin	5,260 	Alexa 	3,896
 	Chase	5,199 	Marissa 	3,851
 	Garrett	5,060 	Christina 	3,734
 	Sebastian	4,975 	Catherine 	3,725
 	Julian	4,939 	Claire 	3,639
 	Lucas	4,896 	Leslie 	3,610
 	Mark	4,748 	Gabriella 	3,609
 	Antonio	4,734 	Mariah 	3,579
 	Aidan	4,631 	Laura 	3,549
 	Alejandro	4,554 	Leah 	3,511
 	Miguel	4,551 	Isabel 	3,489
 	Jeremy	4,266 	Caitlin 	3,455
 	Jesse	4,216 	Molly 	3,413
 	Jeremiah	4,215 	Alexandria 	3,403
 	Bryce	4,148 	Ariana 	3,376
 	Dakota	3,979 	Angelina 	3,367
 	Xavier	3,977 	Breanna 	3,367
 	Carson	3,940 	Aaliyah 	3,351
 	Victor	3,918 	Kylie 	3,351
 	Kenneth	3,907 	Kathryn 	3,327
 	Dalton	3,894 	Jade 	3,278
 	Colby	3,858 	Kelsey 	3,266
 	Jake	3,836 	Katie 	3,258
 	Tanner	3,832 	Briana 	3,233
 	Stephen	3,734 	Diana 	3,195
 	Spencer	3,729 	Lily 	3,191
 	Marcus	3,689 	Angel 	3,078
 	Riley	3,650 	Lindsey 	3,050
 	Dominic	3,629 	Riley 	3,043
 	Wyatt	3,597 	Cassidy 	3,029
 	Tristan	3,574 	Arianna 	3,015
 	Paul	3,505 	Mikayla 	3,012
 	Jorge	3,442 	Maya 	3,008
 	Carter	3,433 	Lillian 	2,948
 	Eduardo	3,416 	Audrey 	2,947
 	Edward	3,370 	Isabelle 	2,943
 	Jaden	3,348 	Amy 	2,934
 	Brendan	3,342 	Brittany 	2,929
 	Kaleb	3,333 	Sabrina 	2,921
 	Hayden	3,262 	Melanie 	2,911
 	Colton	3,244 	Margaret 	2,894
 	Jeffrey	3,204 	Cheyenne 	2,872
 	Vincent	3,199 	Jillian 	2,844
 	Oscar	3,191 	Madelyn 	2,843
 	Parker	3,187 	Cassandra 	2,833
 	Henry	3,186 	Jocelyn 	2,827
 	Maxwell	3,183 	Kelly 	2,812
 	Colin	3,167 	Gabriela 	2,732
 	Joel	3,164 	Evelyn 	2,692
 	Jalen	3,120 	Tiffany 	2,685
 	Shane	3,116 	Miranda 	2,681
 	George	3,084 	Erica 	2,666
 	Owen	3,029 	Alicia 	2,654
 	Liam	3,027 	Adriana 	2,640
 	Derek	3,008 	Ava 	2,539
 	Peter	2,945 	Caitlyn 	2,536
 	Travis	2,940 	Ana 	2,512
 	Grant	2,922 	Mckenzie 	2,468
 	Collin	2,896 	Angelica 	2,434
 	Francisco	2,857 	Crystal 	2,426
 	Ricardo	2,851 	Kennedy 	2,406
 	Jayden	2,833 	Daisy 	2,369
 	Diego	2,832 	Lydia 	2,350
 	Nicolas	2,821 	Skylar 	2,341
 	Ivan	2,819 	Summer 	2,311
 	Alexis	2,768 	Alexia 	2,292
 	Gage	2,757 	Kiara 	2,289
 	Bradley	2,727 	Sofia 	2,287
 	Devon	2,722 	Heather 	2,271
 	Omar	2,722 	Erika 	2,228
 	Alan	2,642 	Karen 	2,191
 	Javier	2,634 	Mya 	2,189
 	Cristian	2,630 	Hope 	2,178
 	Shawn	2,627 	Sophie 	2,172
 	Preston	2,617 	Avery 	2,132
 	Andres	2,602 	Chelsea 	2,116
 	Fernando	2,600 	Veronica 	2,084
 	Erik	2,574 	Juliana 	2,073
 	Mitchell	2,566 	Bianca 	2,069
 	Gregory	2,473 	Ashlyn 	2,030
 	Dustin	2,423 	Bethany 	2,025
 	Max	2,401 	Meghan 	2,024
 	Cesar	2,374 	Daniela 	2,017
 	Edgar	2,374 	Natalia 	2,004
 	Clayton	2,350 	Kristen 	1,990
 	Raymond	2,324 	Abby 	1,985
 	Manuel	2,313 	Payton 	1,983
 	Taylor	2,309 	Valerie 	1,980
 	Johnathan	2,304 	Karina 	1,961
 	Scott	2,292 	Jamie 	1,945
 	Corey	2,239 	Diamond 	1,943
 	Josiah	2,234 	Cynthia 	1,921
 	Mario	2,215 	Gracie 	1,911
 	Jakob	2,192 	Shannon 	1,906
 	Levi	2,165 	Brooklyn 	1,903
 	Alec	2,155 	Jordyn 	1,884
 	Brady	2,153 	Peyton 	1,883
 	Dillon	2,141 	Nayeli 	1,844
 	Brayden	2,127 	Carly 	1,833
 	Peyton	2,114 	Alondra 	1,829
 	Micah	2,111 	Michaela 	1,826
 	Marco	2,107 	Kaitlin 	1,819
 	Nolan	2,091 	Maggie 	1,818
 	Trenton	2,082 	Naomi 	1,817
 	Martin	2,058 	Monica 	1,790
 	Dawson	2,030 	Hayley 	1,787
 	Wesley	2,025 	Julianna 	1,776
 	Sergio	2,023 	Gianna 	1,765
 	Edwin	1,982 	Hanna 	1,756
 	Jonah	1,980 	Jasmin 	1,756
 	Brett	1,962 	Brenda 	1,734
 	Damian	1,962 	Rebekah 	1,730
 	Roberto	1,954 	Desiree 	1,718
 	Braden	1,924 	Ella 	1,718
 	Erick	1,919 	Alejandra 	1,716
 	Hector	1,903 	Karla 	1,698
 	Landon	1,880 	Mckenna 	1,693
 	Caden	1,877 	Kylee 	1,675
 	Giovanni	1,873 	Makenzie 	1,660
 	Malik	1,863 	Ariel 	1,653
 	Emmanuel	1,855 	Britney 	1,639
 	Conner	1,832 	Amelia 	1,634
 	Abraham	1,816 	Kate 	1,625
 	Cade	1,812 	Esmeralda 	1,621
 	Cooper	1,802 	Camryn 	1,596
 	Harrison	1,798 	Valeria 	1,589
 	Chandler	1,792 	Jazmin 	1,583
 	Andy	1,781 	Delaney 	1,582
 	Andre	1,739 	Joanna 	1,554
 	Ruben	1,733 	Kyra 	1,531
 	Trent	1,718 	Kendall 	1,522
 	Phillip	1,710 	Aubrey 	1,505
 	Pedro	1,695 	Lindsay 	1,502
 	Donovan	1,658 	Claudia 	1,495
 	Ronald	1,652 	Kendra 	1,495
 	Frank	1,633 	Adrianna 	1,490
 	Eli	1,614 	Selena 	1,481
 	Calvin	1,612 	Sadie 	1,477
 	Ashton	1,597 	Kara 	1,474
 	Aiden	1,586 	Jazmine 	1,466
 	Darius	1,566 	Giselle 	1,460
 	Drew	1,565 	Holly 	1,457
 	Josue	1,562 	Reagan 	1,446
 	Casey	1,556 	Brittney 	1,441
 	Kobe	1,551 	Jayla 	1,422
 	Kaden	1,548 	Genesis 	1,416
 	Chance	1,540 	Nancy 	1,415
 	Trey	1,537 	Julie 	1,413
 	Johnny	1,532 	Aliyah 	1,411
 	Gerardo	1,520 	Fatima 	1,404
 	Elias	1,517 	Elena 	1,391
 	Skyler	1,506 	Savanna 	1,379
 	Armando	1,475 	Charlotte 	1,377
 	Donald	1,469 	Cierra 	1,370
 	Rafael	1,455 	Ruby 	1,361
 	Derrick	1,454 	Alison 	1,358
 	Leonardo	1,452 	Raven 	1,355
 	Raul	1,439 	Guadalupe 	1,342
 	Enrique	1,438 	Elise 	1,336
 	Keith	1,432 	Mallory 	1,336
 	Jaylen	1,425 	Kathleen 	1,335
 	Griffin	1,418 	Nadia 	1,331
 	Marcos	1,413 	Rylee 	1,329
 	Damien	1,402 	Cameron 	1,318
 	Avery	1,401 	Macy 	1,313
 	Zackary	1,386 	Nina 	1,302
 	Miles	1,384 	Rachael 	1,300
 	Allen	1,381 	April 	1,299
 	Bryson	1,356 	Serena 	1,295
 	Troy	1,354 	Katelynn 	1,293
 	Dante	1,353 	Kyla 	1,293
 	Israel	1,339 	Casey 	1,283
 	Jaime	1,339 	Kristina 	1,279
 	Zane	1,329 	Katrina 	1,274
 	Jonathon	1,322 	Asia 	1,268
 	Malachi	1,322 	Wendy 	1,253
 	Julio	1,319 	Tatiana 	1,250
 	Payton	1,313 	Christine 	1,244
 	Lance	1,283 	Haylee 	1,237
 	Mathew	1,272 	Alana 	1,232
 	Axel	1,271 	Cindy 	1,230
 	Simon	1,267 	Camille 	1,226
 	Cory	1,263 	Kirsten 	1,223
 	Jerry	1,250 	Patricia 	1,221
 	Drake	1,245 	Allyson 	1,220
 	Marc	1,243 	Makenna 	1,215
 	Alberto	1,240 	Sandra 	1,205
 	Kameron	1,237 	Carolina 	1,204
 	Bailey	1,234 	Nevaeh 	1,197
 	Brenden	1,220 	Carmen 	1,173
 	Philip	1,220 	Yesenia 	1,171
 	Ty	1,215 	Cecilia 	1,163
 	Dennis	1,177 	Addison 	1,162
 	Keegan	1,158 	Mariana 	1,161
 	Gustavo	1,139 	Tara 	1,157
 	Curtis	1,122 	Eva 	1,156
 	Brennan	1,121 	Bridget 	1,154
 	Fabian	1,111 	Josephine 	1,153
 	Dominick	1,109 	Skyler 	1,143
 	Jimmy	1,103 	Liliana 	1,140
 	Saul	1,102 	Tori 	1,129
 	Louis	1,095 	Priscilla 	1,125
 	Albert	1,091 	Madeleine 	1,118
 	Brock	1,091 	Alexus 	1,117
 	Douglas	1,081 	Josie 	1,101
 	Chad	1,078 	Mercedes 	1,096
 	Arturo	1,057 	Alissa 	1,095
 	Randy	1,052 	Celeste 	1,093
 	Angelo	1,045 	Elisabeth 	1,091
 	Tucker	1,041 	Kira 	1,091
 	Damon	1,039 	Kailey 	1,089
 	Pablo	1,036 	Lauryn 	1,082
 	Larry	1,029 	Melody 	1,078
 	Tony	1,023 	Natasha 	1,078
 	Kyler	1,020 	Heaven 	1,063
 	Danny	1,016 	Miriam 	1,063
 	Gary	1,013 	Amaya 	1,055
 	Myles	1,002 	Sidney 	1,053
 	Corbin	992 	Shayla 	1,050
 	Roman	979 	India 	1,049
 	Alfredo	978 	Denise 	1,048
 	Oliver	977 	Imani 	1,048
 	Jace	976 	Esther 	1,047
 	Nickolas	969 	Kassandra 	1,046
 	Bryant	956 	Tessa 	1,046
 	Joe	955 	Jaden 	1,045
 	Darren	949 	Dominique 	1,042
 	Quinn	937 	Logan 	1,041
 	Theodore	935 	Lucy 	1,039
 	Russell	925 	Paola 	1,038
 	Moises	911 	Anastasia 	1,027
 	Lane	894 	Rose 	1,027
 	Zachery	893 	Nia 	1,025
 	Maximus	892 	Anne 	1,022
 	Camden	889 	Anahi 	1,017
 	Lorenzo	888 	Vivian 	1,016
 	Jay	886 	Alaina 	1,005
 	Tristen	886 	Ciara 	1,005
 	Ramon	885 	Kamryn 	996
 	Kristopher	882 	Bryanna 	982
 	Carl	880 	Marisa 	982
 	Arthur	879 	Annie 	975
 	Dallas	878 	Kayleigh 	962
 	Grayson	874 	Kristin 	962
 	Micheal	872 	Brenna 	960
 	Emanuel	868 	Meredith 	954
 	Zion	867 	Clarissa 	950
 	Ismael	866 	Clara 	948
 	Ricky	856 	Kiana 	948
 	Brody	848 	Layla 	947
 	Ernesto	848 	Dana 	944
 	Brent	846 	Dakota 	942
 	Salvador	846 	Ruth 	934
 	Tommy	841 	Rosa 	930
 	Deandre	832 	Kassidy 	928
 	Tyson	832 	Callie 	919
 	Walter	827 	Emilee 	915
 	Esteban	826 	Marina 	912
 	Isiah	820 	Ashleigh 	907
 	Jarrett	820 	Cristina 	907
 	Lukas	817 	Julissa 	906
 	Branden	811 	Lisa 	906
 	Lawrence	809 	Ellie 	905
 	Terry	802 	Tabitha 	902
 	Santiago	801 	Whitney 	898
 	Reece	797 	Hallie 	892
 	Marvin	795 	Helen 	884
 	Braxton	794 	Ashlee 	880
 	Marshall	786 	Carolyn 	866
 	Trevon	786 	Tiana 	864
 	Jamal	785 	Gillian 	863
 	Morgan	782 	Annabelle 	859
 	Jeffery	777 	Deja 	852
 	Quentin	764 	Raquel 	850
 	Jayson	759 	Katlyn 	847
 	Emilio	756 	Deanna 	841
 	Mauricio	754 	Ivy 	836
 	Nikolas	747 	Linda 	833
 	Dean	744 	Heidi 	830
 	Javon	741 	Teresa 	829
 	Rodney	740 	Tamia 	828
 	Kolby	739 	Eleanor 	826
 	Leo	735 	Ashlynn 	824
 	Abel	733 	Ashton 	823
 	Davis	733 	Destinee 	822
 	Skylar	733 	Zoey 	822
 	Orlando	731 	Annika 	821
 	Jon	727 	Harley 	820
 	Ezekiel	726 	Jayden 	810
 	Mateo	726 	Jenny 	809
 	Kody	720 	Kaitlynn 	808
 	Roger	719 	Jaqueline 	807
 	Kai	718 	Eliza 	804
 	Maurice	716 	Lesly 	801
 	Justice	715 	Monique 	799
 	Ali	713 	Krystal 	795
 	Tyrese	703 	Lizbeth 	795
 	Conor	701 	Baylee 	792
 	Zackery	696 	Madalyn 	785
 	Chris	693 	Daniella 	783
 	Rodrigo	693 	Talia 	783
 	Craig	682 	Lilly 	781
 	Felix	682 	Serenity 	781
 	Keaton	682 	Gisselle 	780
 	Kade	681 	Allie 	774
 	Eddie	679 	Shania 	762
 	Billy	674 	Hailee 	758
 	Demetrius	671 	Renee 	754
 	Ahmad	661 	Virginia 	753
 	Zachariah	658 	Yasmin 	753
 	Jarod	655 	Phoebe 	752
 	Bobby	654 	Gina 	747
 	Shaun	654 	Regan 	747
 	Amir	648 	Precious 	745
 	Quinton	646 	Georgia 	741
 	Reese	646 	Martha 	740
 	Brendon	640 	Haleigh 	739
 	Jaxon	639 	Eden 	737
 	Hugo	637 	Angie 	733
 	Desmond	636 	Iris 	733
 	Graham	631 	Kaylie 	733
 	Walker	629 	Kaleigh 	728
 	Khalil	626 	Ayanna 	726
 	Steve	623 	Francesca 	723
 	Guillermo	619 	Marie 	721
 	Issac	618 	Alayna 	720
 	Kelvin	618 	Cheyanne 	716
 	Blaine	617 	Gloria 	715
 	Johnathon	616 	Jayda 	711
 	Malcolm	614 	Meagan 	711
 	Dale	613 	Emely 	709
 	Frederick	613 	Marisol 	709
 	Nelson	613 	Carissa 	706
 	Gerald	608 	Piper 	705
 	Weston	608 	Janet 	696
 	Willie	608 	Tatum 	696
 	Julius	606 	Fiona 	694
 	Braeden	605 	Lacey 	694
 	Dorian	602 	Abbey 	687
 	Felipe	602 	Alisha 	684
 	Jaylon	599 	Aurora 	683
 	Jessie	592 	Johanna 	676
 	Rene	591 	Yasmine 	676
 	Kristian	586 	Carla 	673
 	Noel	583 	Tia 	672
 	Terrance	580 	Jane 	670
 	Bruce	579 	Sasha 	662
 	Kendall	577 	Jacquelyn 	661
 	Clay	573 	Dulce 	659
 	Roy	571 	Madisyn 	656
 	Ezra	570 	Paulina 	648
 	Reginald	566 	Kiley 	643
 	Camron	565 	Lexi 	642
 	Tate	563 	Mckayla 	642
 	Quincy	562 	Tania 	642
 	Darian	561 	Kierra 	640
 	Noe	557 	Mikaela 	639
 	Solomon	557 	Noelle 	639
 	Jermaine	556 	Halle 	638
 	Jaheim	554 	Viviana 	637
 	Charlie	553 	Colleen 	636
 	Sam	551 	Alice 	631
 	Jaron	550 	Hunter 	628
 	Dane	548 	Madyson 	627
 	Holden	547 	Taryn 	627
 	Damion	546 	Emilie 	625
 	Francis	544 	Kaylin 	624
 	Nathanael	542 	Tamara 	623
 	Brayan	541 	Susan 	622
 	Mohamed	540 	Krista 	621
 	Elliot	539 	Justice 	620
 	Reid	537 	Cassie 	619
 	Franklin	533 	Nora 	619
 	Moses	532 	Macie 	617
 	Terrell	531 	Kasey 	616
 	Declan	530 	Laila 	611
 	Marquis	530 	Jessie 	610
 	Todd	530 	Ellen 	608
 	Ramiro	527 	Alyson 	607
 	Harley	526 	Carley 	607
 	Tyrone	525 	Cara 	604
 	Alvin	523 	Brandi 	603
 	Melvin	522 	Cora 	603
 	Cedric	520 	Skye 	602
 	Coby	516 	Theresa 	600
 	Jaquan	514 	Amari 	599
 	Lee	513 	Kiera 	598
 	Kenny	510 	Daphne 	597
 	Jadon	509 	Jadyn 	597
 	Uriel	509 	Tiara 	597
 	Triston	508 	Leilani 	593
 	Randall	507 	Kali 	592
 	Bennett	503 	Bailee 	591
 	Ross	502 	Sage 	588
 	Devan	501 	Angelique 	587
 	Reed	501 	Janelle 	587
 	Duncan	500 	Sharon 	587
 	Jaiden	494 	Malia 	585
 	Rodolfo	494 	Alivia 	583
 	Adan	493 	Brandy 	583
 	Maximilian	493 	Genevieve 	581
 	Byron	491 	Maddison 	581
 	Tomas	491 	Joy 	579
 	Mohammed	490 	Ainsley 	578
 	Osvaldo	490 	Jaclyn 	578
 	Allan	488 	Pamela 	578
 	Gilberto	479 	Itzel 	577
 	Jaylin	472 	Charity 	574
 	Kendrick	471 	Alina 	573
 	Sawyer	471 	Kiersten 	572
 	Jerome	470 	Mayra 	569
 	Mohammad	470 	Melina 	569
 	Garret	468 	Tyler 	569
 	Rogelio	466 	Irene 	565
 	Ahmed	465 	Leila 	565
 	Deven	465 	Eliana 	563
 	Leon	465 	Macey 	561
 	Wade	464 	Elisa 	557
 	Jamie	462 	Rhiannon 	553
 	Wilson	461 	Aniya 	552
 	Ronnie	460 	Marilyn 	552
 	Rylan	458 	Athena 	551
 	Davion	455 	Aileen 	550
 	Harry	454 	Karissa 	550
 	Marlon	454 	Lucia 	550
 	Beau	453 	Nyah 	547
 	Darrell	453 	Felicity 	546
 	Joaquin	452 	Abbigail 	544
 	Ayden	451 	Alanna 	543
 	Dayton	451 	Sonia 	542
 	Rolando	446 	Paris 	540
 	Romeo	444 	Larissa 	533
 	Deshawn	443 	Perla 	533
 	Neil	443 	Elaina 	529
 	Stanley	443 	Abbie 	526
 	Tristin	443 	Brisa 	524
 	Warren	440 	Kelsie 	524
 	Hudson	438 	Miracle 	524
 	Jonas	436 	Alma 	522
 	Joey	435 	Luz 	517
 	Isaias	434 	Brooklynn 	515
 	Leonard	434 	Carlie 	515
 	Terrence	431 	America 	512
 	Alfonso	428 	Zaria 	512
 	Cyrus	428 	Kyleigh 	509
 	Jordon	427 	Lesley 	509
 	Addison	424 	Anya 	508
 	Tyree	422 	Sylvia 	508
 	Eugene	421 	Chasity 	507
 	Wayne	420 	Kaila 	507
 	Emiliano	416 	Kaley 	507
 	Asher	414 	Ann 	505
 	Toby	413 	Simone 	505
 	Tyrell	413 	Maritza 	504
 	Davon	411 	Kailee 	503
 	Kieran	410 	Eve 	500
 	Leonel	410 	Rylie 	499
 	Rudy	408 	Tatyana 	499
 	Gilbert	407 	Madelynn 	498
 	Koby	406 	Nathalie 	497
 	Ulises	405 	Izabella 	495
 	Ariel	404 	Janae 	495
 	Orion	403 	Aniyah 	491
 	Colten	399 	Chelsey 	491
 	Pierce	399 	Deborah 	487
 	Cayden	398 	Marlene 	487
 	Alvaro	395 	Isis 	485
 	Sterling	394 	Barbara 	482
 	Johan	393 	Justine 	482
 	Elliott	391 	Sarai 	480
 	Jasper	390 	Araceli 	479
 	Ben	388 	Lexie 	479
 	Will	388 	Raegan 	478
 	Vicente	386 	Tianna 	478
 	Sage	382 	Cristal 	477
 	Adolfo	380 	Felicia 	474
 	Efrain	378 	Noemi 	474
 	Harold	377 	Nichole 	470
 	Keenan	377 	Aspen 	467
 	Jaydon	376 	Julianne 	467
 	Alonzo	375 	Kenya 	466
 	Jarred	375 	Lena 	466
 	Silas	375 	Ryan 	464
 	Agustin	372 	Clare 	461
 	Coleman	369 	Jaelyn 	460
 	Devonte	369 	Juliet 	460
 	Trace	369 	Leticia 	460
 	Humberto	368 	Shyanne 	460
 	Keshawn	368 	Lorena 	459
 	Dominique	367 	Anika 	456
 	Donte	366 	Esperanza 	454
 	Shamar	363 	Regina 	454
 	Brennen	362 	Arielle 	451
 	Tobias	362 	Jaiden 	451
 	Brice	361 	Aimee 	449
 	Ezequiel	359 	Kelli 	447
 	Ray	358 	Judith 	446
 	Gunnar	357 	Madilyn 	445
 	Jamar	357 	Jaida 	443
 	Easton	355 	Camila 	441
 	Ernest	354 	Sydnee 	441
 	Kevon	353 	Reyna 	440
 	Karl	350 	Tyra 	440
 	Jarrod	348 	Ciera 	439
 	Darryl	346 	Zoie 	439
 	Quintin	345 	Destiney 	438
 	Alfred	344 	Tayler 	438
 	Jude	342 	Corinne 	434
 	Luca	342 	Jazlyn 	433
 	Antoine	339 	Toni 	432
 	Dwayne	339 	Carrie 	430
 	Muhammad	339 	Nataly 	430
 	Braydon	338 	Frances 	428
 	Titus	338 	Juliette 	428
 	Cullen	336 	Amya 	425
 	Lewis	336 	Edith 	425
 	Shemar	335 	Celia 	424
 	Izaiah	334 	Litzy 	424
 	Dashawn	333 	Marley 	423
 	Cruz	332 	Mollie 	423
 	Darien	330 	Stella 	422
 	Everett	330 	Cayla 	420
 	Sheldon	328 	Fernanda 	418
 	Daquan	326 	Paula 	418
 	Devyn	326 	Jewel 	417
 	Jamison	324 	Stacy 	417
 	Kareem	324 	Maia 	416
 	Nasir	324 	Carina 	415
 	Freddy	323 	Helena 	415
 	River	323 	Tanya 	415
 	Kane	322 	Antonia 	414
 	Aden	320 	Bella 	412
 	Ralph	320 	Citlalli 	412
 	Dandre	317 	Joselyn 	412
 	Jamari	315 	Devin 	410
 	Kolton	315 	Kaya 	410
 	Mike	315 	Elaine 	408
 	Sidney	315 	Laney 	408
 	Lincoln	309 	Nya 	408
 	Jayce	308 	Breana 	407
 	Jairo	307 	Emilia 	407
 	Keyshawn	307 	Eileen 	406
 	Jordy	306 	Skyla 	406
 	Ignacio	305 	Karlee 	405
 	Jameson	305 	Mara 	404
 	Nigel	305 	Blanca 	403
 	Rohan	304 	Christian 	400
 	Stefan	304 	Laurel 	399
 	Mekhi	303 	Leanna 	399
 	Glenn	302 	Micah 	399
 	Phoenix	302 	Sydni 	399
 	Clarence	301 	Valentina 	399
 	Rashad	301 	Kailyn 	398
 	Elisha	300 	Keely 	398
 	Amari	299 	Mariela 	398
 	Rigoberto	297 	Savanah 	397
 	Marquise	296 	Adrienne 	396
 	Zechariah	295 	Destini 	396
 	Aldo	294 	Giovanna 	396
 	Aron	294 	Halie 	395
 	Jaylan	292 	Rosemary 	395
 	Nathanial	292 	Chyna 	394
 	Armani	291 	Lila 	393
 	Jett	291 	Tess 	393
 	Julien	291 	Tina 	393
 	Talon	291 	Yvette 	393
 	August	290 	Kaylyn 	392
 	Cristopher	289 	Aleah 	391
 	Howard	289 	Haven 	391
 	Kole	289 	Maci 	391
 	Lamar	288 	Tierra 	391
 	Darion	287 	Nicolette 	390
 	Derick	287 	Desirae 	387
 	Roderick	287 	Hana 	387
 	Asa	286 	Brynn 	386
 	Jean	286 	Thalia 	386
 	Kaiden	285 	Ayana 	385
 	Keon	283 	Jolie 	385
 	Irvin	282 	Alisa 	384
 	Jaren	281 	Ally 	383
 	Elvis	278 	Sheila 	382
 	Kayden	278 	Stephany 	382
 	Jagger	277 	Aracely 	380
 	Markus	277 	Ebony 	380
 	Travon	277 	Kaelyn 	380
 	Moshe	276 	Violet 	380
 	German	274 	Delilah 	379
 	Zander	274 	Willow 	379
 	Kurt	273 	Damaris 	378
 	Reynaldo	273 	Kianna 	378
 	Greyson	272 	Katelin 	376
 	Gunner	272 	Kayley 	375
 	Elian	271 	Brielle 	374
 	Jovan	270 	Estefania 	374
 	Tylor	270 	Montana 	374
 	Dangelo	269 	Gwendolyn 	373
 	Geoffrey	269 	Maura 	372
 	Junior	269 	Micaela 	370
 	Keanu	269 	Aisha 	369
 	Baby	268 	Ryleigh 	369
 	Ibrahim	268 	Joyce 	368
 	Donavan	267 	Karlie 	367
 	Landen	267 	Mariam 	366
 	Raphael	266 	Hayden 	365
 	Conrad	265 	Harmony 	364
 	Darnell	264 	Kasandra 	364
 	Brad	263 	Salma 	364
 	Deonte	263 	Lea 	363
 	Milton	263 	Shayna 	363
 	Nehemiah	263 	Carlee 	362
 	Salvatore	263 	Shyann 	362
 	Bernard	261 	Katarina 	361
 	Justus	261 	Margarita 	360
 	Tariq	261 	Yuliana 	360
 	Davin	260 	Jazmyn 	359
 	Dillan	260 	Karli 	359
 	Stone	260 	Lilian 	359
 	Anton	258 	Madisen 	359
 	Jaxson	258 	Calista 	358
 	Savion	258 	Robin 	358
 	Clinton	257 	Joana 	357
 	Emmett	255 	Donna 	355
 	Gideon	255 	Monserrat 	353
 	Keagan	255 	Annette 	352
 	Korey	255 	Beyonce 	352
 	Garrison	254 	Bria 	352
 	Karson	254 	Carson 	352
 	Demarcus	253 	Janessa 	351
 	Kadin	252 	Sienna 	350
 	Chaz	250 	Estrella 	349
 	Cristobal	249 	Alena 	346
 	Gordon	249 	Alessandra 	346
 	Grady	249 	Yadira 	346
 	Ari	248 	Abigayle 	345
 	Misael	247 	Haylie 	345
 	Bret	246 	Mattie 	345
 	Hamza	246 	Aliya 	343
 	Josh	246 	Stacey 	343
 	Khalid	246 	Casandra 	342
 	Santos	246 	Lyndsey 	340
 	Semaj	246 	Amani 	339
 	Cordell	244 	Janiya 	339
 	Tre	244 	Candace 	338
 	Alonso	243 	Kathy 	338
 	Dominik	242 	Beatriz 	337
 	Kellen	242 	Lara 	336
 	Roland	242 	Nikki 	336
 	Stuart	242 	Brianne 	335
 	Destin	240 	Lizette 	335
 	Rhett	239 	Maribel 	335
 	Brycen	238 	Katharine 	334
 	Clifford	238 	Noelia 	333
 	Judah	238 	Kacie 	332
 	Rocco	238 	Nayely 	331
 	Brooks	237 	Anaya 	328
 	Jacoby	237 	Ingrid 	328
 	Jair	237 	Ericka 	326
 	Perry	237 	Shea 	326
 	Quinten	237 	Alysa 	325
 	Stephan	237 	Ansley 	324
 	Jovani	236 	Lillie 	324
 	Maximiliano	236 	Reilly 	324
 	Rory	236 	Karly 	323
 	Reagan	235 	Essence 	322
 	Deon	234 	Isabela 	322
 	Guadalupe	234 	Kennedi 	322
 	Kamron	234 	Sandy 	322
 	Draven	233 	Adeline 	321
 	Sammy	233 	Aria 	321
 	Dimitri	231 	Teagan 	321
 	Estevan	231 	Johana 	320
 	Kurtis	231 	Aubree 	319
 	Earl	230 	Hazel 	319
 	Anderson	229 	Kaylynn 	319
 	Dexter	229 	Kourtney 	319
 	Maverick	229 	Liberty 	318
 	Xander	228 	Aylin 	317
 	Dallin	227 	Gia 	317
 	Darrius	227 	Maeve 	317
 	Antony	226 	Dorothy 	316
 	Elmer	226 	Jalyn 	316
 	Ulysses	226 	Parker 	316
 	Zakary	226 	Hailie 	315
 	Jefferson	225 	Alexandrea 	314
 	Octavio	225 	Moriah 	314
 	Porter	225 	Cecelia 	313
 	Alexandro	224 	Lia 	313
 	Blaze	224 	Gretchen 	312
 	Emerson	224 	Jenifer 	311
 	Frankie	224 	Kenzie 	311
 	Fredrick	224 	Shawna 	311
 	Jevon	224 	Catalina 	310
 	Jorden	224 	Berenice 	308
 	Norman	224 	Lexus 	308
 	Antwan	223 	Devyn 	306
 	Dion	221 	Nallely 	306
 	Latrell	220 	Quinn 	306
 	Darin	219 	Shaniya 	306
 	Arnold	218 	Yazmin 	306
 	Hassan	218 	Sheridan 	305
 	Nestor	218 	Shirley 	305
 	Camren	217 	Sydnie 	305
 	Sincere	217 	Annalise 	303
 	Heath	216 	Armani 	303
 	Abdullah	215 	Elissa 	302
 	Giancarlo	215 	Reese 	302
 	Jabari	215 	Ayla 	301
 	Austen	214 	Christy 	301
 	Gianni	214 	Melinda 	300
 	Jan	214 	Anissa 	299
 	Marcel	214 	Candice 	299
 	Thaddeus	214 	Kaylah 	299
 	Tristian	214 	Sally 	299
 	Abram	213 	Carli 	298
 	Gonzalo	213 	Rachelle 	298
 	Leroy	213 	Sade 	298
 	Winston	212 	Susana 	298
 	Brenton	211 	Anita 	297
 	Josef	211 	Tracy 	297
 	Lamont	211 	Jaime 	296
 	Barry	210 	Myah 	296
 	Isaak	210 	Kaiya 	295
 	Finn	209 	Alize 	294
 	Guy	209 	Devon 	294
 	Maximillian	209 	Kellie 	294
 	Shannon	209 	Robyn 	294
 	Blaise	208 	Aiyana 	293
 	Carlton	208 	Arely 	293
 	Shayne	208 	Meadow 	293
 	Dylon	207 	Meaghan 	293
 	Forrest	207 	Elyse 	292
 	Kory	207 	Presley 	292
 	Reuben	207 	Chaya 	290
 	Isai	206 	Dasia 	290
 	Keyon	206 	Kelsi 	290
 	Cortez	205 	Jacey 	289
 	Jarvis	205 	Shaylee 	289
 	Sabastian	205 	Savana 	288
 	Luciano	204 	Rebeca 	287
 	Reilly	202 	Amira 	286
 	Clifton	201 	Nyasia 	286
 	Giovanny	201 	Makaila 	284
 	Samir	201 	Dayana 	283
 	Jaeden	200 	Lizeth 	283
 	Clark	199 	Reina 	283
 	Heriberto	199 	Celine 	282
 	Layne	199 	Kenia 	282
 	Daryl	198 	Ashanti 	281
 	Marcelo	198 	Dalia 	281
 	Nick	198 	Lyric 	280
 	Rowan	197 	Greta 	279
 	Dario	196 	Loren 	279
 	Denzel	196 	Arlene 	278
 	Nathen	196 	Sarina 	278
 	Fidel	195 	Carol 	277
 	Gaven	195 	Jasmyn 	277
 	Houston	195 	Graciela 	275
 	Kelton	195 	Christa 	274
 	Sonny	195 	Jeanette 	274
 	Cale	194 	Alexys 	273
 	Turner	194 	Raina 	273
 	Efren	193 	Iyana 	272
 	Glen	193 	Janice 	272
 	Nico	193 	Paloma 	272
 	Nikhil	193 	Unique 	272
 	Braiden	192 	Alia 	271
 	Remington	192 	Allyssa 	271
 	Jamel	191 	Aryanna 	270
 	Oswaldo	191 	Kya 	270
 	Colt	190 	London 	270
 	Deshaun	190 	Rita 	270
 	Stephon	190 	Jaycee 	269
 	Bernardo	189 	Shakira 	269
 	Jovany	189 	Kallie 	268
 	Devante	188 	Magdalena 	268
 	Eliseo	188 	Aliza 	267
 	Keven	188 	Jacklyn 	267
 	Raymundo	188 	Jakayla 	267
 	Seamus	188 	Annabel 	266
 	Gino	187 	Hadley 	266
 	Hugh	187 	Dianna 	265
 	Justyn	187 	Karley 	265
 	Rahul	187 	Michele 	265
 	Ronan	187 	Norma 	265
 	Shea	187 	Darlene 	264
 	Dwight	186 	Drew 	264
 	Jamil	186 	Iliana 	264
 	Joan	186 	Jaylin 	264
 	Marquez	186 	Kaela 	264
 	Austyn	185 	Kayli 	264
 	Cornelius	185 	Kinsey 	264
 	Kennedy	185 	Nyla 	264
 	London	185 	Amara 	263
 	Garett	184 	Princess 	263
 	Don	183 	Ximena 	263
 	Jalon	183 	Lourdes 	262
 	Fred	182 	Mireya 	262
 	Rashawn	181 	Silvia 	262
 	Darwin	180 	Christiana 	261
 	Mikel	180 	Jimena 	261
 	Adonis	179 	Katia 	261
 	Braedon	179 	Kristine 	261
 	Deangelo	179 	Maegan 	261
 	Augustus	178 	Samara 	261
 	Barrett	178 	Selina 	261
 	Deondre	178 	Abril 	260
 	Kirk	178 	Diane 	260
 	Kylan	178 	Daisha 	259
 	Lonnie	178 	Hillary 	259
 	Tyshawn	178 	Cielo 	258
 	Haden	177 	Juanita 	258
 	Jackie	177 	Rayna 	258
 	Jadyn	177 	Cali 	257
 	Kent	177 	Kacey 	257
 	Raven	177 	Kaia 	256
 	Vernon	177 	Reanna 	256
 	Xzavier	177 	Bonnie 	255
 	Immanuel	176 	Fabiola 	255
 	Darrin	175 	Melany 	255
 	Duane	175 	Kari 	253
 	Korbin	175 	Liana 	253
 	Matteo	175 	Yessenia 	253
 	Trever	175 	Jena 	252
 	Courtney	174 	Baby 	251
 	Kelly	174 	Brook 	251
 	Lloyd	174 	Ashtyn 	250
 	Ryder	174 	Bryana 	250
 	Tyron	174 	Emmalee 	250
 	Chaim	173 	Ireland 	250
 	Alijah	172 	Jackeline 	250
 	Jakobe	172 	Jamya 	250
 	Samson	172 	Stefanie 	250
 	Alexzander	171 	Marianna 	249
 	Jeff	171 	Eryn 	248
 	Kasey	171 	Roxana 	248
 	Mackenzie	171 	Taina 	248
 	Ryley	171 	Aubrie 	247
 	Kian	170 	Frida 	247
 	Mitchel	170 	Lilliana 	247
 	Nash	170 	Abigale 	246
 	Vance	170 	Elsa 	246
 	Imanol	169 	Yolanda 	245
 	Jordyn	169 	Abagail 	244
 	Neal	169 	Elyssa 	244
 	Tyquan	168 	Kaliyah 	244
 	Brodie	167 	Caitlynn 	242
 	Ellis	167 	Patience 	242
 	Freddie	167 	Chandler 	240
 	Kristofer	167 	Kalyn 	240
 	Layton	167 	Maranda 	240
 	Mariano	167 	Ashly 	239
 	Maxim	167 	Chantel 	239
 	Rickey	167 	Deasia 	239
 	Ronaldo	167 	Kenna 	239
 	Syed	167 	Chanel 	238
 	Zain	167 	Gabriel 	238
 	Adrien	166 	Jaquelin 	238
 	Keshaun	166 	Mikaila 	238
 	Niko	166 	Caleigh 	237
 	Omari	166 	Ryann 	237
 	Yosef	166 	Saige 	236
 	Aubrey	165 	Scarlett 	236
 	Benny	165 	Taliyah 	235
 	Domenic	165 	Taniya 	235
 	Jovanny	165 	Jana 	234
 	Andreas	164 	Journey 	234
 	Denver	164 	Lana 	234
 	Markel	164 	Odalys 	234
 	Prince	164 	Penelope 	234
 	Terence	164 	Bridgette 	233
 	Gaige	163 	Jazmyne 	233
 	Brant	162 	Joelle 	233
 	Davonte	162 	Mandy 	233
 	Paxton	162 	Myra 	233
 	Trevion	162 	Celina 	232
 	Yusuf	162 	Lori 	232
 	Gavyn	161 	Rocio 	232
 	Jamarcus	161 	Ivette 	231
 	Vaughn	161 	Citlali 	230
 	Bo	160 	Marlee 	230
 	Carlo	160 	Kaci 	229
 	Jade	160 	Lisette 	228
 	Pranav	160 	Chana 	227
 	Treyvon	160 	Camilla 	226
 	Yehuda	160 	Emerald 	226
 	Alden	159 	Jailyn 	226
 	Alessandro	159 	Taya 	226
 	Bruno	159 	Yajaira 	226
 	Daunte	159 	Annabella 	225
 	Irving	159 	Alycia 	224
 	Johnnie	159 	Dafne 	224
 	Pierre	159 	Mira 	224
 	Rocky	159 	Anjali 	222
 	Brennon	158 	Hayleigh 	222
 	Bronson	158 	Sky 	222
 	Hernan	158 	Sarahi 	221
 	Kale	158 	Yoselin 	221
 	Kyree	158 	Areli 	220
 	Caiden	157 	Jayde 	220
 	Javion	157 	Keara 	220
 	Kavon	157 	Madalynn 	220
 	Arjun	156 	Nadine 	220
 	Darrion	156 	Priscila 	220
 	Dyllan	156 	Alex 	219
 	Lawson	156 	Miah 	219
 	Milo	156 	Tatianna 	219
 	Brandan	155 	Audra 	218
 	Donnell	155 	Beatrice 	218
 	Jahiem	155 	Katy 	218
 	Menachem	155 	Natalya 	218
 	Rey	155 	Brionna 	217
 	Simeon	155 	Darby 	217
 	Zavier	155 	Jaidyn 	217
 	Jimmie	154 	Keila 	217
 	Lionel	154 	Vanesa 	217
 	Mustafa	154 	Jaylynn 	216
 	Rylee	154 	Melisa 	216
 	Aric	153 	Randi 	216
 	Bridger	153 	Miya 	215
 	Dewayne	153 	Rianna 	215
 	Valentin	153 	Sheyla 	215
 	Benito	152 	Aryana 	214
 	Giovani	152 	Belen 	214
